INFO:     Started server process [30768]
INFO:     Waiting for application startup.
INFO:     Application startup complete.
INFO:     Uvicorn running on http://0.0.0.0:8004 (Press CTRL+C to quit)
ERROR:    Exception in ASGI application
Traceback (most recent call last):
  File "D:\project_1.0\DeadCode_Detector\Env\Lib\site-packages\uvicorn\protocols\http\h11_impl.py", line 415, in run_asgi
    result = await app(  # type: ignore[func-returns-value]
             ^^^^^^^^^^^^^^^^^^^^^^^^^^^^^^^^^^^^^^^^^^^^^^
        self.scope, self.receive, self.send
        ^^^^^^^^^^^^^^^^^^^^^^^^^^^^^^^^^^^
    )
    ^
  File "D:\project_1.0\DeadCode_Detector\Env\Lib\site-packages\uvicorn\middleware\proxy_headers.py", line 63, in __call__
    return await self.app(scope, receive, send)
           ^^^^^^^^^^^^^^^^^^^^^^^^^^^^^^^^^^^^
  File "D:\project_1.0\DeadCode_Detector\Env\Lib\site-packages\fastapi\applications.py", line 1159, in __call__
    await super().__call__(scope, receive, send)
  File "D:\project_1.0\DeadCode_Detector\Env\Lib\site-packages\starlette\applications.py", line 90, in __call__
    await self.middleware_stack(scope, receive, send)
  File "D:\project_1.0\DeadCode_Detector\Env\Lib\site-packages\starlette\middleware\errors.py", line 186, in __call__
    raise exc
  File "D:\project_1.0\DeadCode_Detector\Env\Lib\site-packages\starlette\middleware\errors.py", line 164, in __call__
    await self.app(scope, receive, _send)
  File "D:\project_1.0\DeadCode_Detector\Env\Lib\site-packages\starlette\middleware\cors.py", line 88, in __call__
    await self.app(scope, receive, send)
  File "D:\project_1.0\DeadCode_Detector\Env\Lib\site-packages\starlette\middleware\exceptions.py", line 63, in __call__
    await wrap_app_handling_exceptions(self.app, conn)(scope, receive, send)
  File "D:\project_1.0\DeadCode_Detector\Env\Lib\site-packages\starlette\_exception_handler.py", line 53, in wrapped_app
    raise exc
  File "D:\project_1.0\DeadCode_Detector\Env\Lib\site-packages\starlette\_exception_handler.py", line 42, in wrapped_app
    await app(scope, receive, sender)
  File "D:\project_1.0\DeadCode_Detector\Env\Lib\site-packages\fastapi\middleware\asyncexitstack.py", line 18, in __call__
    await self.app(scope, receive, send)
  File "D:\project_1.0\DeadCode_Detector\Env\Lib\site-packages\starlette\routing.py", line 660, in __call__
    await self.middleware_stack(scope, receive, send)
  File "D:\project_1.0\DeadCode_Detector\Env\Lib\site-packages\starlette\routing.py", line 680, in app
    await route.handle(scope, receive, send)
  File "D:\project_1.0\DeadCode_Detector\Env\Lib\site-packages\starlette\routing.py", line 276, in handle
    await self.app(scope, receive, send)
  File "D:\project_1.0\DeadCode_Detector\Env\Lib\site-packages\fastapi\routing.py", line 134, in app
    await wrap_app_handling_exceptions(app, request)(scope, receive, send)
  File "D:\project_1.0\DeadCode_Detector\Env\Lib\site-packages\starlette\_exception_handler.py", line 53, in wrapped_app
    raise exc
  File "D:\project_1.0\DeadCode_Detector\Env\Lib\site-packages\starlette\_exception_handler.py", line 42, in wrapped_app
    await app(scope, receive, sender)
  File "D:\project_1.0\DeadCode_Detector\Env\Lib\site-packages\fastapi\routing.py", line 120, in app
    response = await f(request)
               ^^^^^^^^^^^^^^^^
  File "D:\project_1.0\DeadCode_Detector\Env\Lib\site-packages\fastapi\routing.py", line 457, in app
    solved_result = await solve_dependencies(
                    ^^^^^^^^^^^^^^^^^^^^^^^^^
    ...<6 lines>...
    )
    ^
  File "D:\project_1.0\DeadCode_Detector\Env\Lib\site-packages\fastapi\dependencies\utils.py", line 678, in solve_dependencies
    solved = await call(**solved_result.values)
             ^^^^^^^^^^^^^^^^^^^^^^^^^^^^^^^^^^
  File "D:\project_1.0\DeadCode_Detector\ghostcode-rag\app\auth.py", line 15, in get_current_user
    payload = jwt.decode(token, SECRET_KEY, algorithms=[ALGORITHM])
  File "D:\project_1.0\DeadCode_Detector\Env\Lib\site-packages\jose\jwt.py", line 159, in decode
    payload = jws.verify(token, key, algorithms, verify=verify_signature)
  File "D:\project_1.0\DeadCode_Detector\Env\Lib\site-packages\jose\jws.py", line 77, in verify
    _verify_signature(signing_input, header, signature, key, algorithms)
    ~~~~~~~~~~~~~~~~~^^^^^^^^^^^^^^^^^^^^^^^^^^^^^^^^^^^^^^^^^^^^^^^^^^^
  File "D:\project_1.0\DeadCode_Detector\Env\Lib\site-packages\jose\jws.py", line 263, in _verify_signature
    if not _sig_matches_keys(keys, signing_input, signature, alg):
           ~~~~~~~~~~~~~~~~~^^^^^^^^^^^^^^^^^^^^^^^^^^^^^^^^^^^^^
  File "D:\project_1.0\DeadCode_Detector\Env\Lib\site-packages\jose\jws.py", line 212, in _sig_matches_keys
    key = jwk.construct(key, alg)
  File "D:\project_1.0\DeadCode_Detector\Env\Lib\site-packages\jose\jwk.py", line 79, in construct
    return key_class(key_data, algorithm)
  File "D:\project_1.0\DeadCode_Detector\Env\Lib\site-packages\jose\backends\cryptography_backend.py", line 538, in __init__
    raise JWKError("Expecting a string- or bytes-formatted key.")
jose.exceptions.JWKError: Expecting a string- or bytes-formatted key.
